<?xml version="1.0" encoding="UTF-8"?>
<!-- Generated by org.testng.reporters.JUnitReportReporter -->
<testsuite hostname="DESKTOP-1K6OS8U" name="intellect.TestCase" tests="1" failures="0" timestamp="24 May 2021 07:08:12 GMT" time="129.888" errors="0">
  <testcase name="selectFlight" time="129.888" classname="intellect.TestCase"/>
</testsuite> <!-- intellect.TestCase -->
