<?xml version="1.0" encoding="UTF-8"?>
<!-- Generated by org.testng.reporters.JUnitReportReporter -->
<testsuite hostname="DESKTOP-1K6OS8U" name="intellect.TestCase" tests="1" failures="0" timestamp="24 May 2021 08:03:05 GMT" time="152.765" errors="0">
  <testcase name="selectFlight" time="152.765" classname="intellect.TestCase"/>
</testsuite> <!-- intellect.TestCase -->
